Copyright 1986-2022 Xilinx, Inc. All Rights Reserved. Copyright 2022-2025 Advanced Micro Devices, Inc. All Rights Reserved.
-----------------------------------------------------------------------------------------------------------------------------------------------
| Tool Version : Vivado v.2025.2 (win64) Build 6299465 Fri Nov 14 19:35:11 GMT 2025
| Date         : Thu Jan 22 14:24:35 2026
| Host         : uwu-machine running 64-bit major release  (build 9200)
| Command      : report_methodology -file top_methodology_drc_routed.rpt -pb top_methodology_drc_routed.pb -rpx top_methodology_drc_routed.rpx
| Design       : top
| Device       : xc7z020clg484-1
| Speed File   : -1
| Design State : Fully Routed
-----------------------------------------------------------------------------------------------------------------------------------------------

Report Methodology

Table of Contents
-----------------
1. REPORT SUMMARY
2. REPORT DETAILS

1. REPORT SUMMARY
-----------------
            Netlist: netlist
          Floorplan: design_1
      Design limits: <entire design considered>
             Max checks: <unlimited>
             Checks found: 8
+-----------+----------+-------------------------------+--------+
| Rule      | Severity | Description                   | Checks |
+-----------+----------+-------------------------------+--------+
| TIMING-18 | Warning  | Missing input or output delay | 8      |
+-----------+----------+-------------------------------+--------+

2. REPORT DETAILS
-----------------
TIMING-18#1 Warning
Missing input or output delay  
An input delay is missing on in_data relative to the rising and/or falling clock edge(s) of c100Mhz.
Related violations: <none>

TIMING-18#2 Warning
Missing input or output delay  
An input delay is missing on rst relative to the rising and/or falling clock edge(s) of c100Mhz.
Related violations: <none>

TIMING-18#3 Warning
Missing input or output delay  
An output delay is missing on cs_adc relative to the rising and/or falling clock edge(s) of c100Mhz.
Related violations: <none>

TIMING-18#4 Warning
Missing input or output delay  
An output delay is missing on cs_dac relative to the rising and/or falling clock edge(s) of c100Mhz.
Related violations: <none>

TIMING-18#5 Warning
Missing input or output delay  
An output delay is missing on din relative to the rising and/or falling clock edge(s) of c100Mhz.
Related violations: <none>

TIMING-18#6 Warning
Missing input or output delay  
An output delay is missing on freq_sample relative to the rising and/or falling clock edge(s) of c100Mhz.
Related violations: <none>

TIMING-18#7 Warning
Missing input or output delay  
An output delay is missing on sclk_adc relative to the rising and/or falling clock edge(s) of c100Mhz.
Related violations: <none>

TIMING-18#8 Warning
Missing input or output delay  
An output delay is missing on sclk_dac relative to the rising and/or falling clock edge(s) of c100Mhz.
Related violations: <none>


