Copyright 1986-2022 Xilinx, Inc. All Rights Reserved. Copyright 2022-2025 Advanced Micro Devices, Inc. All Rights Reserved.
---------------------------------------------------------------------------------------------------------------------------------------------
| Tool Version : Vivado v.2025.2 (win64) Build 6299465 Fri Nov 14 19:35:11 GMT 2025
| Date         : Thu Jan 22 14:24:01 2026
| Host         : uwu-machine running 64-bit major release  (build 9200)
| Command      : report_control_sets -verbose -file top_control_sets_placed.rpt
| Design       : top
| Device       : xc7z020
---------------------------------------------------------------------------------------------------------------------------------------------

Control Set Information

Table of Contents
-----------------
1. Summary
2. Histogram
3. Flip-Flop Distribution
4. Detailed Control Set Information

1. Summary
----------

+----------------------------------------------------------+-------+
|                          Status                          | Count |
+----------------------------------------------------------+-------+
| Total control sets                                       |    10 |
|    Minimum number of control sets                        |    10 |
|    Addition due to synthesis replication                 |     0 |
|    Addition due to physical synthesis replication        |     0 |
| Unused register locations in slices containing registers |    26 |
+----------------------------------------------------------+-------+
* Control sets can be merged at opt_design using control_set_merge or merge_equivalent_drivers
** Run report_qor_suggestions for automated merging and remapping suggestions


2. Histogram
------------

+--------------------+-------+
|       Fanout       | Count |
+--------------------+-------+
| Total control sets |    10 |
| >= 0 to < 4        |     1 |
| >= 4 to < 6        |     1 |
| >= 6 to < 8        |     1 |
| >= 8 to < 10       |     0 |
| >= 10 to < 12      |     0 |
| >= 12 to < 14      |     3 |
| >= 14 to < 16      |     0 |
| >= 16              |     4 |
+--------------------+-------+
* Control sets can be remapped at either synth_design or opt_design


3. Flip-Flop Distribution
-------------------------

+--------------+-----------------------+------------------------+-----------------+--------------+
| Clock Enable | Synchronous Set/Reset | Asynchronous Set/Reset | Total Registers | Total Slices |
+--------------+-----------------------+------------------------+-----------------+--------------+
| No           | No                    | No                     |               3 |            2 |
| No           | No                    | Yes                    |              29 |            9 |
| No           | Yes                   | No                     |               6 |            3 |
| Yes          | No                    | No                     |               0 |            0 |
| Yes          | No                    | Yes                    |              44 |           14 |
| Yes          | Yes                   | No                     |              60 |           15 |
+--------------+-----------------------+------------------------+-----------------+--------------+


4. Detailed Control Set Information
-----------------------------------

+----------------+-------------------------------------+----------------------+------------------+----------------+--------------+
|  Clock Signal  |            Enable Signal            |   Set/Reset Signal   | Slice Load Count | Bel Load Count | Bels / Slice |
+----------------+-------------------------------------+----------------------+------------------+----------------+--------------+
|  clk_IBUF_BUFG |                                     |                      |                2 |              3 |         1.50 |
|  clk_IBUF_BUFG | adc/fin                             | rst_IBUF             |                1 |              4 |         4.00 |
|  clk_IBUF_BUFG | dac/shift_counter0                  | dac/shift_counter[0] |                2 |              6 |         3.00 |
|  clk_IBUF_BUFG | filtr/ring_buf_reg_0_15_0_0_i_2_n_0 |                      |                3 |             12 |         4.00 |
|  clk_IBUF_BUFG | adc/pom[11]_i_1_n_0                 | rst_IBUF             |                3 |             12 |         4.00 |
|  clk_IBUF_BUFG | adc/out_data0                       | rst_IBUF             |                6 |             12 |         2.00 |
|  clk_IBUF_BUFG | filtr/sum[15]_i_1_n_0               | rst_IBUF             |                4 |             16 |         4.00 |
|  clk_IBUF_BUFG | filtr/fin_filter                    | rst_IBUF             |                6 |             24 |         4.00 |
|  clk_IBUF_BUFG | dac/shift_register[0]               | dac/temp_sdo         |                7 |             30 |         4.29 |
|  clk_IBUF_BUFG |                                     | rst_IBUF             |               12 |             35 |         2.92 |
+----------------+-------------------------------------+----------------------+------------------+----------------+--------------+


